0.3604 	WARNING 	Movie2 stim could not be imported and won't be available
0.6345 	WARNING 	TextBox stim could not be imported and won't be available.
0.6345 	WARNING 	TextBox Font Manager Found No Fonts.
12.6665 	EXP 	Created window1 = Window(allowGUI=True, allowStencil=False, autoLog=True, bitsMode=UNKNOWN, blendMode='avg', color=array([ 0.,  0.,  0.]), colorSpace='rgb', fullscr=UNKNOWN, gamma=None, lms=UNKNOWN, monitor=<psychopy.monitors.calibTools.Monitor instance at 0xbf95468>, name='window1', pos=[0, 0], screen=0, size=array([1920, 1080]), stereo=False, units=u'norm', useFBO=True, viewOri=0.0, viewPos=None, viewScale=None, waitBlanking=True, winType='pyglet')
12.6665 	EXP 	window1: recordFrameIntervals = False
12.8314 	EXP 	window1: recordFrameIntervals = True
13.0149 	EXP 	window1: recordFrameIntervals = False
13.1067 	EXP 	Created fixation = TextStim(alignHoriz='center', alignVert='center', antialias=True, autoLog=True, bold=False, color=u'white', colorSpace='named', contrast=1.0, depth=-1.0, flipHoriz=False, flipVert=False, font=u'Arial', fontFiles=[], height=0.1, italic=False, name='fixation', opacity=1.0, ori=0, pos=array([ 0.,  0.]), rgb=array([ 255.,  255.,  255.]), text=u'+', units=u'norm', win=Window(...), wrapWidth=1)
13.1207 	EXP 	Created image = ImageStim(autoLog=True, color=array([ 1.,  1.,  1.]), colorSpace='rgb', contrast=1.0, depth=-2.0, flipHoriz=False, flipVert=False, image=u'stimuli/Milkshake.jpg', interpolate=True, mask=None, maskParams=None, name='image', opacity=1.0, ori=0.0, pos=array([ 0.,  0.]), size=array([ 0.4       ,  1.66666667]), texRes=128, units=u'norm', win=Window(...))
13.1207 	EXP 	window1: units = 'norm'
13.2250 	EXP 	window1: units = u'norm'
13.2251 	EXP 	Created rating = RatingScale(acceptKeys=['return'], acceptPreText=UNKNOWN, acceptSize=UNKNOWN, acceptText=u'accept?', autoLog=True, choices=False, depth=0, disappear=False, flipVert=False, high=5, kwargs=UNKNOWN, labels=list(...), leftKeys=['left'], lineColor='White', low=1, marker=ShapeStim(...), markerColor='DarkBlue', markerExpansion=UNKNOWN, markerStart=None, maxTime=0.0, minTime=0.4, mouseOnly=False, name='rating', noMouse=False, pos=[0.0, -0.8], precision=1, respKeys=['1', '2', '3', '4', '5'], rightKeys=['right'], scale=u'Rate your craving from 1 - 5', self=UNKNOWN, showAccept=True, showValue=True, singleClick=False, size=0.6, skipKeys=['tab'], stretch=1.0, textColor='LightGray', textFont='Helvetica Bold', textSize=0.12, tickHeight=1.0, tickMarks=4.0, win=Window(...))
13.2282 	EXP 	Created image_2 = ImageStim(autoLog=True, color=array([ 1.,  1.,  1.]), colorSpace='rgb', contrast=1.0, depth=-4.0, flipHoriz=False, flipVert=False, image=None, interpolate=True, mask=None, maskParams=None, name='image_2', opacity=1.0, ori=0.0, pos=array([ 0.,  0.]), size=array([ 0.5,  0.5]), texRes=128, units=u'norm', win=Window(...))
13.2320 	EXP 	Created fixation_2 = TextStim(alignHoriz='center', alignVert='center', antialias=True, autoLog=True, bold=False, color=u'white', colorSpace='named', contrast=1.0, depth=-5.0, flipHoriz=False, flipVert=False, font=u'Arial', fontFiles=[], height=0.1, italic=False, name='fixation_2', opacity=1.0, ori=0, pos=array([ 0.,  0.]), rgb=array([ 255.,  255.,  255.]), text=u'+', units=u'norm', win=Window(...), wrapWidth=1)
13.2376 	EXP 	RatingScale rating: reset()
13.2377 	EXP 	window1: recordFrameIntervals = False
13.2643 	EXP 	rating: flipVert = False
13.2643 	EXP 	rating: autoLog = True
13.2643 	EXP 	fixation: autoDraw = True
13.2645 	EXP 	window1: recordFrameIntervals = False
23.2379 	EXP 	fixation: autoDraw = False
23.2548 	EXP 	image: autoDraw = True
33.2452 	EXP 	image: autoDraw = False
33.2618 	EXP 	rating: autoDraw = True
33.2618 	EXP 	image_2: autoDraw = True
38.2404 	EXP 	image_2: autoDraw = False
38.2570 	EXP 	fixation_2: autoDraw = True
38.7739 	DATA 	Keypress: 5
39.3731 	DATA 	Keypress: 1
40.2384 	EXP 	fixation_2: autoDraw = False
